<?xml version="1.0" encoding="UTF-8"?>
<testng-results ignored="0" total="1" passed="1" failed="0" skipped="0">
  <reporter-output>
  </reporter-output>
  <suite started-at="2026-03-18T15:43:35 IST" name="Default suite" finished-at="2026-03-18T15:43:54 IST" duration-ms="19426">
    <groups>
    </groups>
    <test started-at="2026-03-18T15:43:35 IST" name="Default test" finished-at="2026-03-18T15:43:54 IST" duration-ms="19426">
      <class name="testCases.TC001_HomePageTest">
        <test-method is-config="true" signature="setup()[pri:0, instance:testCases.TC001_HomePageTest@3c41ed1d]" started-at="2026-03-18T15:43:35 IST" name="setup" finished-at="2026-03-18T15:43:54 IST" duration-ms="18818" status="PASS">
          <reporter-output>
          </reporter-output>
        </test-method> <!-- setup -->
        <test-method signature="verifyHomePage()[pri:0, instance:testCases.TC001_HomePageTest@3c41ed1d]" started-at="2026-03-18T15:43:54 IST" name="verifyHomePage" finished-at="2026-03-18T15:43:54 IST" duration-ms="107" status="PASS">
          <reporter-output>
          </reporter-output>
        </test-method> <!-- verifyHomePage -->
        <test-method is-config="true" signature="teardown()[pri:0, instance:testCases.TC001_HomePageTest@3c41ed1d]" started-at="2026-03-18T15:43:54 IST" name="teardown" finished-at="2026-03-18T15:43:54 IST" duration-ms="391" status="PASS">
          <reporter-output>
          </reporter-output>
        </test-method> <!-- teardown -->
      </class> <!-- testCases.TC001_HomePageTest -->
    </test> <!-- Default test -->
  </suite> <!-- Default suite -->
</testng-results>
